<?xml version="1.0" encoding="UTF-8"?>
<coverage generated="1779345754074" clover="3.2.0">
  <project timestamp="1779345754074" name="All files">
    <metrics statements="181" coveredstatements="176" conditionals="148" coveredconditionals="126" methods="76" coveredmethods="75" elements="405" coveredelements="377" complexity="0" loc="181" ncloc="181" packages="6" files="12" classes="12"/>
    <package name="components.layout">
      <metrics statements="12" coveredstatements="12" conditionals="15" coveredconditionals="9" methods="4" coveredmethods="4"/>
      <file name="Header.jsx" path="D:\projects\autoservice-crm\src\components\layout\Header.jsx">
        <metrics statements="4" coveredstatements="4" conditionals="5" coveredconditionals="3" methods="1" coveredmethods="1"/>
        <line num="3" count="1" type="stmt"/>
        <line num="44" count="2" type="stmt"/>
        <line num="46" count="2" type="cond" truecount="2" falsecount="1"/>
        <line num="48" count="2" type="stmt"/>
      </file>
      <file name="Sidebar.jsx" path="D:\projects\autoservice-crm\src\components\layout\Sidebar.jsx">
        <metrics statements="8" coveredstatements="8" conditionals="10" coveredconditionals="6" methods="3" coveredmethods="3"/>
        <line num="5" count="1" type="stmt"/>
        <line num="30" count="8" type="stmt"/>
        <line num="45" count="3" type="stmt"/>
        <line num="46" count="3" type="stmt"/>
        <line num="48" count="3" type="cond" truecount="2" falsecount="0"/>
        <line num="49" count="1" type="stmt"/>
        <line num="52" count="2" type="stmt"/>
        <line num="56" count="8" type="stmt"/>
      </file>
    </package>
    <package name="config">
      <metrics statements="2" coveredstatements="2" conditionals="2" coveredconditionals="2" methods="1" coveredmethods="1"/>
      <file name="navigation.js" path="D:\projects\autoservice-crm\src\config\navigation.js">
        <metrics statements="2" coveredstatements="2" conditionals="2" coveredconditionals="2" methods="1" coveredmethods="1"/>
        <line num="6" count="1" type="stmt"/>
        <line num="36" count="3" type="cond" truecount="2" falsecount="0"/>
      </file>
    </package>
    <package name="lib">
      <metrics statements="33" coveredstatements="28" conditionals="14" coveredconditionals="13" methods="13" coveredmethods="12"/>
      <file name="authContext.jsx" path="D:\projects\autoservice-crm\src\lib\authContext.jsx">
        <metrics statements="33" coveredstatements="28" conditionals="14" coveredconditionals="13" methods="13" coveredmethods="12"/>
        <line num="8" count="1" type="stmt"/>
        <line num="11" count="47" type="stmt"/>
        <line num="12" count="47" type="stmt"/>
        <line num="13" count="47" type="stmt"/>
        <line num="14" count="47" type="stmt"/>
        <line num="16" count="11" type="stmt"/>
        <line num="17" count="6" type="stmt"/>
        <line num="18" count="5" type="cond" truecount="2" falsecount="0"/>
        <line num="21" count="4" type="stmt"/>
        <line num="22" count="4" type="stmt"/>
        <line num="26" count="3" type="cond" truecount="3" falsecount="1"/>
        <line num="27" count="0" type="stmt"/>
        <line num="28" count="0" type="stmt"/>
        <line num="29" count="0" type="stmt"/>
        <line num="30" count="0" type="stmt"/>
        <line num="32" count="3" type="cond" truecount="4" falsecount="0"/>
        <line num="33" count="4" type="stmt"/>
        <line num="34" count="4" type="stmt"/>
        <line num="37" count="1" type="cond" truecount="2" falsecount="0"/>
        <line num="38" count="1" type="stmt"/>
        <line num="39" count="1" type="stmt"/>
        <line num="42" count="1" type="stmt"/>
        <line num="44" count="5" type="stmt"/>
        <line num="47" count="6" type="stmt"/>
        <line num="53" count="0" type="stmt"/>
        <line num="59" count="45" type="stmt"/>
        <line num="60" count="45" type="stmt"/>
        <line num="61" count="45" type="stmt"/>
        <line num="63" count="11" type="stmt"/>
        <line num="72" count="14" type="stmt"/>
        <line num="73" count="14" type="cond" truecount="2" falsecount="0"/>
        <line num="74" count="2" type="stmt"/>
        <line num="76" count="11" type="stmt"/>
      </file>
    </package>
    <package name="pages">
      <metrics statements="11" coveredstatements="11" conditionals="14" coveredconditionals="13" methods="3" coveredmethods="3"/>
      <file name="LoginPage.jsx" path="D:\projects\autoservice-crm\src\pages\LoginPage.jsx">
        <metrics statements="11" coveredstatements="11" conditionals="14" coveredconditionals="13" methods="3" coveredmethods="3"/>
        <line num="13" count="2" type="stmt"/>
        <line num="21" count="2" type="cond" truecount="1" falsecount="1"/>
        <line num="25" count="33" type="stmt"/>
        <line num="26" count="33" type="stmt"/>
        <line num="31" count="33" type="stmt"/>
        <line num="37" count="4" type="stmt"/>
        <line num="38" count="4" type="stmt"/>
        <line num="39" count="4" type="stmt"/>
        <line num="40" count="1" type="stmt"/>
        <line num="42" count="2" type="stmt"/>
        <line num="46" count="33" type="stmt"/>
      </file>
    </package>
    <package name="services">
      <metrics statements="118" coveredstatements="118" conditionals="103" coveredconditionals="89" methods="50" coveredmethods="50"/>
      <file name="analyticsService.js" path="D:\projects\autoservice-crm\src\services\analyticsService.js">
        <metrics statements="49" coveredstatements="49" conditionals="35" coveredconditionals="32" methods="14" coveredmethods="14"/>
        <line num="19" count="8" type="stmt"/>
        <line num="33" count="6" type="cond" truecount="2" falsecount="0"/>
        <line num="35" count="5" type="stmt"/>
        <line num="38" count="5" type="cond" truecount="2" falsecount="0"/>
        <line num="39" count="2" type="stmt"/>
        <line num="40" count="3" type="cond" truecount="2" falsecount="0"/>
        <line num="41" count="1" type="stmt"/>
        <line num="42" count="1" type="stmt"/>
        <line num="43" count="1" type="stmt"/>
        <line num="44" count="2" type="cond" truecount="2" falsecount="0"/>
        <line num="45" count="1" type="stmt"/>
        <line num="46" count="1" type="stmt"/>
        <line num="47" count="1" type="stmt"/>
        <line num="49" count="1" type="stmt"/>
        <line num="52" count="4" type="stmt"/>
        <line num="53" count="4" type="stmt"/>
        <line num="54" count="13" type="cond" truecount="2" falsecount="0"/>
        <line num="55" count="13" type="cond" truecount="2" falsecount="0"/>
        <line num="68" count="5" type="stmt"/>
        <line num="69" count="7" type="stmt"/>
        <line num="70" count="4" type="cond" truecount="1" falsecount="1"/>
        <line num="80" count="3" type="stmt"/>
        <line num="90" count="5" type="stmt"/>
        <line num="91" count="4" type="cond" truecount="2" falsecount="0"/>
        <line num="92" count="3" type="cond" truecount="1" falsecount="1"/>
        <line num="93" count="2" type="stmt"/>
        <line num="115" count="5" type="stmt"/>
        <line num="117" count="5" type="stmt"/>
        <line num="118" count="18" type="cond" truecount="2" falsecount="0"/>
        <line num="119" count="17" type="stmt"/>
        <line num="120" count="18" type="cond" truecount="1" falsecount="1"/>
        <line num="121" count="18" type="cond" truecount="2" falsecount="0"/>
        <line num="122" count="18" type="stmt"/>
        <line num="123" count="18" type="cond" truecount="2" falsecount="0"/>
        <line num="124" count="2" type="stmt"/>
        <line num="125" count="2" type="stmt"/>
        <line num="127" count="16" type="stmt"/>
        <line num="132" count="5" type="stmt"/>
        <line num="133" count="17" type="stmt"/>
        <line num="155" count="5" type="stmt"/>
        <line num="157" count="5" type="stmt"/>
        <line num="158" count="10" type="cond" truecount="2" falsecount="0"/>
        <line num="159" count="10" type="stmt"/>
        <line num="160" count="10" type="cond" truecount="4" falsecount="0"/>
        <line num="162" count="10" type="cond" truecount="2" falsecount="0"/>
        <line num="163" count="3" type="stmt"/>
        <line num="164" count="3" type="stmt"/>
        <line num="166" count="7" type="stmt"/>
        <line num="170" count="5" type="stmt"/>
      </file>
      <file name="clientsService.js" path="D:\projects\autoservice-crm\src\services\clientsService.js">
        <metrics statements="9" coveredstatements="9" conditionals="12" coveredconditionals="11" methods="5" coveredmethods="5"/>
        <line num="29" count="4" type="stmt"/>
        <line num="30" count="5" type="stmt"/>
        <line num="31" count="4" type="stmt"/>
        <line num="32" count="2" type="cond" truecount="1" falsecount="1"/>
        <line num="33" count="2" type="cond" truecount="2" falsecount="0"/>
        <line num="34" count="2" type="stmt"/>
        <line num="46" count="3" type="stmt"/>
        <line num="53" count="3" type="stmt"/>
        <line num="65" count="4" type="stmt"/>
      </file>
      <file name="ordersService.js" path="D:\projects\autoservice-crm\src\services\ordersService.js">
        <metrics statements="17" coveredstatements="17" conditionals="20" coveredconditionals="15" methods="8" coveredmethods="8"/>
        <line num="45" count="6" type="stmt"/>
        <line num="46" count="7" type="stmt"/>
        <line num="47" count="6" type="stmt"/>
        <line num="49" count="3" type="cond" truecount="2" falsecount="0"/>
        <line num="50" count="2" type="cond" truecount="2" falsecount="0"/>
        <line num="52" count="1" type="cond" truecount="1" falsecount="1"/>
        <line num="53" count="3" type="cond" truecount="1" falsecount="1"/>
        <line num="54" count="3" type="stmt"/>
        <line num="67" count="2" type="stmt"/>
        <line num="68" count="2" type="stmt"/>
        <line num="78" count="2" type="stmt"/>
        <line num="79" count="2" type="cond" truecount="2" falsecount="0"/>
        <line num="80" count="1" type="stmt"/>
        <line num="102" count="4" type="stmt"/>
        <line num="115" count="4" type="stmt"/>
        <line num="130" count="3" type="stmt"/>
        <line num="131" count="3" type="stmt"/>
      </file>
      <file name="serviceCatalogService.js" path="D:\projects\autoservice-crm\src\services\serviceCatalogService.js">
        <metrics statements="23" coveredstatements="23" conditionals="12" coveredconditionals="12" methods="12" coveredmethods="12"/>
        <line num="38" count="1" type="stmt"/>
        <line num="57" count="3" type="stmt"/>
        <line num="58" count="3" type="stmt"/>
        <line num="59" count="3" type="stmt"/>
        <line num="69" count="2" type="stmt"/>
        <line num="76" count="2" type="stmt"/>
        <line num="87" count="1" type="stmt"/>
        <line num="101" count="2" type="stmt"/>
        <line num="108" count="2" type="cond" truecount="2" falsecount="0"/>
        <line num="109" count="1" type="stmt"/>
        <line num="111" count="1" type="stmt"/>
        <line num="124" count="6" type="cond" truecount="1" falsecount="0"/>
        <line num="127" count="6" type="stmt"/>
        <line num="129" count="6" type="cond" truecount="2" falsecount="0"/>
        <line num="130" count="6" type="cond" truecount="2" falsecount="0"/>
        <line num="132" count="6" type="stmt"/>
        <line num="133" count="6" type="stmt"/>
        <line num="134" count="6" type="stmt"/>
        <line num="135" count="6" type="stmt"/>
        <line num="145" count="1" type="stmt"/>
        <line num="155" count="1" type="stmt"/>
        <line num="166" count="1" type="stmt"/>
        <line num="180" count="2" type="stmt"/>
      </file>
      <file name="users.js" path="D:\projects\autoservice-crm\src\services\users.js">
        <metrics statements="4" coveredstatements="4" conditionals="2" coveredconditionals="2" methods="3" coveredmethods="3"/>
        <line num="23" count="5" type="stmt"/>
        <line num="24" count="2" type="stmt"/>
        <line num="37" count="2" type="stmt"/>
        <line num="38" count="2" type="cond" truecount="2" falsecount="0"/>
      </file>
      <file name="vehiclesService.js" path="D:\projects\autoservice-crm\src\services\vehiclesService.js">
        <metrics statements="16" coveredstatements="16" conditionals="22" coveredconditionals="17" methods="8" coveredmethods="8"/>
        <line num="35" count="4" type="stmt"/>
        <line num="36" count="5" type="stmt"/>
        <line num="37" count="4" type="stmt"/>
        <line num="38" count="2" type="cond" truecount="1" falsecount="1"/>
        <line num="39" count="2" type="cond" truecount="2" falsecount="0"/>
        <line num="40" count="2" type="stmt"/>
        <line num="52" count="2" type="stmt"/>
        <line num="53" count="2" type="stmt"/>
        <line num="54" count="2" type="stmt"/>
        <line num="55" count="2" type="stmt"/>
        <line num="56" count="1" type="cond" truecount="1" falsecount="1"/>
        <line num="57" count="1" type="cond" truecount="1" falsecount="1"/>
        <line num="58" count="1" type="stmt"/>
        <line num="76" count="4" type="stmt"/>
        <line num="85" count="4" type="stmt"/>
        <line num="104" count="4" type="stmt"/>
      </file>
    </package>
    <package name="store">
      <metrics statements="5" coveredstatements="5" conditionals="0" coveredconditionals="0" methods="5" coveredmethods="5"/>
      <file name="authStore.js" path="D:\projects\autoservice-crm\src\store\authStore.js">
        <metrics statements="5" coveredstatements="5" conditionals="0" coveredconditionals="0" methods="5" coveredmethods="5"/>
        <line num="19" count="1" type="stmt"/>
        <line num="24" count="4" type="stmt"/>
        <line num="26" count="4" type="stmt"/>
        <line num="28" count="5" type="stmt"/>
        <line num="30" count="1" type="stmt"/>
      </file>
    </package>
  </project>
</coverage>
