{"D:\\projects\\autoservice-crm\\src\\components\\layout\\Header.jsx": {"path":"D:\\projects\\autoservice-crm\\src\\components\\layout\\Header.jsx","statementMap":{"0":{"start":{"line":3,"column":15},"end":{"line":41,"column":null}},"1":{"start":{"line":44,"column":22},"end":{"line":44,"column":null}},"2":{"start":{"line":46,"column":22},"end":{"line":46,"column":null}},"3":{"start":{"line":48,"column":2},"end":{"line":72,"column":null}}},"fnMap":{"0":{"name":"Header","decl":{"start":{"line":43,"column":9},"end":{"line":43,"column":18}},"loc":{"start":{"line":43,"column":18},"end":{"line":74,"column":null}},"line":43}},"branchMap":{"0":{"loc":{"start":{"line":46,"column":22},"end":{"line":46,"column":null}},"type":"binary-expr","locations":[{"start":{"line":46,"column":22},"end":{"line":46,"column":43}},{"start":{"line":46,"column":43},"end":{"line":46,"column":58}},{"start":{"line":46,"column":58},"end":{"line":46,"column":null}}],"line":46},"1":{"loc":{"start":{"line":60,"column":11},"end":{"line":60,"column":null}},"type":"binary-expr","locations":[{"start":{"line":60,"column":11},"end":{"line":60,"column":19}},{"start":{"line":60,"column":19},"end":{"line":60,"column":null}}],"line":60}},"s":{"0":1,"1":2,"2":2,"3":2},"f":{"0":2},"b":{"0":[2,1,0],"1":[2,0]},"meta":{"lastBranch":2,"lastFunction":1,"lastStatement":4,"seen":{"s:3:15:41:Infinity":0,"f:43:9:43:18":0,"s:44:22:44:Infinity":1,"s:46:22:46:Infinity":2,"b:46:22:46:43:46:43:46:58:46:58:46:Infinity":0,"s:48:2:72:Infinity":3,"b:60:11:60:19:60:19:60:Infinity":1}}}
,"D:\\projects\\autoservice-crm\\src\\components\\layout\\Sidebar.jsx": {"path":"D:\\projects\\autoservice-crm\\src\\components\\layout\\Sidebar.jsx","statementMap":{"0":{"start":{"line":5,"column":15},"end":{"line":26,"column":null}},"1":{"start":{"line":30,"column":2},"end":{"line":41,"column":null}},"2":{"start":{"line":45,"column":10},"end":{"line":45,"column":null}},"3":{"start":{"line":46,"column":8},"end":{"line":46,"column":null}},"4":{"start":{"line":48,"column":2},"end":{"line":50,"column":null}},"5":{"start":{"line":49,"column":4},"end":{"line":49,"column":null}},"6":{"start":{"line":52,"column":2},"end":{"line":66,"column":null}},"7":{"start":{"line":56,"column":10},"end":{"line":63,"column":null}}},"fnMap":{"0":{"name":"navLinkStyle","decl":{"start":{"line":29,"column":9},"end":{"line":29,"column":22}},"loc":{"start":{"line":29,"column":36},"end":{"line":42,"column":null}},"line":29},"1":{"name":"Sidebar","decl":{"start":{"line":44,"column":9},"end":{"line":44,"column":19}},"loc":{"start":{"line":44,"column":19},"end":{"line":68,"column":null}},"line":44},"2":{"name":"(anonymous_2)","decl":{"start":{"line":55,"column":18},"end":{"line":55,"column":23}},"loc":{"start":{"line":56,"column":10},"end":{"line":63,"column":null}},"line":56}},"branchMap":{"0":{"loc":{"start":{"line":37,"column":11},"end":{"line":37,"column":null}},"type":"cond-expr","locations":[{"start":{"line":37,"column":22},"end":{"line":37,"column":34}},{"start":{"line":37,"column":34},"end":{"line":37,"column":null}}],"line":37},"1":{"loc":{"start":{"line":38,"column":16},"end":{"line":38,"column":null}},"type":"cond-expr","locations":[{"start":{"line":38,"column":27},"end":{"line":38,"column":39}},{"start":{"line":38,"column":39},"end":{"line":38,"column":null}}],"line":38},"2":{"loc":{"start":{"line":39,"column":16},"end":{"line":39,"column":null}},"type":"cond-expr","locations":[{"start":{"line":39,"column":27},"end":{"line":39,"column":33}},{"start":{"line":39,"column":33},"end":{"line":39,"column":null}}],"line":39},"3":{"loc":{"start":{"line":40,"column":16},"end":{"line":40,"column":null}},"type":"cond-expr","locations":[{"start":{"line":40,"column":27},"end":{"line":40,"column":49}},{"start":{"line":40,"column":49},"end":{"line":40,"column":null}}],"line":40},"4":{"loc":{"start":{"line":48,"column":2},"end":{"line":50,"column":null}},"type":"if","locations":[{"start":{"line":48,"column":2},"end":{"line":50,"column":null}},{"start":{},"end":{}}],"line":48}},"s":{"0":1,"1":8,"2":3,"3":3,"4":3,"5":1,"6":2,"7":8},"f":{"0":8,"1":3,"2":8},"b":{"0":[0,8],"1":[0,8],"2":[0,8],"3":[0,8],"4":[1,2]},"meta":{"lastBranch":5,"lastFunction":3,"lastStatement":8,"seen":{"s:5:15:26:Infinity":0,"f:29:9:29:22":0,"s:30:2:41:Infinity":1,"b:37:22:37:34:37:34:37:Infinity":0,"b:38:27:38:39:38:39:38:Infinity":1,"b:39:27:39:33:39:33:39:Infinity":2,"b:40:27:40:49:40:49:40:Infinity":3,"f:44:9:44:19":1,"s:45:10:45:Infinity":2,"s:46:8:46:Infinity":3,"b:48:2:50:Infinity:undefined:undefined:undefined:undefined":4,"s:48:2:50:Infinity":4,"s:49:4:49:Infinity":5,"s:52:2:66:Infinity":6,"f:55:18:55:23":2,"s:56:10:63:Infinity":7}}}
,"D:\\projects\\autoservice-crm\\src\\config\\navigation.js": {"path":"D:\\projects\\autoservice-crm\\src\\config\\navigation.js","statementMap":{"0":{"start":{"line":6,"column":19},"end":{"line":26,"column":null}},"1":{"start":{"line":36,"column":2},"end":{"line":36,"column":null}}},"fnMap":{"0":{"name":"getNavItems","decl":{"start":{"line":35,"column":16},"end":{"line":35,"column":28}},"loc":{"start":{"line":35,"column":34},"end":{"line":37,"column":null}},"line":35}},"branchMap":{"0":{"loc":{"start":{"line":36,"column":9},"end":{"line":36,"column":null}},"type":"binary-expr","locations":[{"start":{"line":36,"column":9},"end":{"line":36,"column":29}},{"start":{"line":36,"column":29},"end":{"line":36,"column":null}}],"line":36}},"s":{"0":1,"1":3},"f":{"0":3},"b":{"0":[3,1]},"meta":{"lastBranch":1,"lastFunction":1,"lastStatement":2,"seen":{"s:6:19:26:Infinity":0,"f:35:16:35:28":0,"s:36:2:36:Infinity":1,"b:36:9:36:29:36:29:36:Infinity":0}}}
,"D:\\projects\\autoservice-crm\\src\\lib\\authContext.jsx": {"path":"D:\\projects\\autoservice-crm\\src\\lib\\authContext.jsx","statementMap":{"0":{"start":{"line":8,"column":6},"end":{"line":8,"column":null}},"1":{"start":{"line":11,"column":8},"end":{"line":11,"column":null}},"2":{"start":{"line":11,"column":38},"end":{"line":11,"column":47}},"3":{"start":{"line":12,"column":8},"end":{"line":12,"column":null}},"4":{"start":{"line":12,"column":38},"end":{"line":12,"column":47}},"5":{"start":{"line":13,"column":8},"end":{"line":13,"column":null}},"6":{"start":{"line":13,"column":41},"end":{"line":13,"column":53}},"7":{"start":{"line":14,"column":8},"end":{"line":14,"column":null}},"8":{"start":{"line":14,"column":36},"end":{"line":14,"column":43}},"9":{"start":{"line":16,"column":2},"end":{"line":49,"column":null}},"10":{"start":{"line":17,"column":10},"end":{"line":45,"column":null}},"11":{"start":{"line":18,"column":6},"end":{"line":43,"column":null}},"12":{"start":{"line":21,"column":8},"end":{"line":40,"column":null}},"13":{"start":{"line":22,"column":23},"end":{"line":22,"column":null}},"14":{"start":{"line":26,"column":10},"end":{"line":31,"column":null}},"15":{"start":{"line":27,"column":12},"end":{"line":27,"column":null}},"16":{"start":{"line":28,"column":12},"end":{"line":28,"column":null}},"17":{"start":{"line":29,"column":12},"end":{"line":29,"column":null}},"18":{"start":{"line":30,"column":12},"end":{"line":30,"column":null}},"19":{"start":{"line":32,"column":23},"end":{"line":32,"column":null}},"20":{"start":{"line":33,"column":10},"end":{"line":33,"column":null}},"21":{"start":{"line":34,"column":10},"end":{"line":34,"column":null}},"22":{"start":{"line":37,"column":10},"end":{"line":37,"column":null}},"23":{"start":{"line":38,"column":10},"end":{"line":38,"column":null}},"24":{"start":{"line":39,"column":10},"end":{"line":39,"column":null}},"25":{"start":{"line":42,"column":8},"end":{"line":42,"column":null}},"26":{"start":{"line":44,"column":6},"end":{"line":44,"column":null}},"27":{"start":{"line":47,"column":4},"end":{"line":47,"column":null}},"28":{"start":{"line":47,"column":17},"end":{"line":47,"column":null}},"29":{"start":{"line":53,"column":4},"end":{"line":53,"column":null}},"30":{"start":{"line":59,"column":8},"end":{"line":59,"column":null}},"31":{"start":{"line":59,"column":35},"end":{"line":59,"column":41}},"32":{"start":{"line":60,"column":8},"end":{"line":60,"column":null}},"33":{"start":{"line":60,"column":35},"end":{"line":60,"column":41}},"34":{"start":{"line":61,"column":8},"end":{"line":61,"column":null}},"35":{"start":{"line":61,"column":38},"end":{"line":61,"column":47}},"36":{"start":{"line":63,"column":2},"end":{"line":66,"column":null}},"37":{"start":{"line":72,"column":8},"end":{"line":72,"column":null}},"38":{"start":{"line":73,"column":2},"end":{"line":75,"column":null}},"39":{"start":{"line":74,"column":4},"end":{"line":74,"column":null}},"40":{"start":{"line":76,"column":2},"end":{"line":76,"column":null}}},"fnMap":{"0":{"name":"AuthProvider","decl":{"start":{"line":10,"column":16},"end":{"line":10,"column":29}},"loc":{"start":{"line":10,"column":43},"end":{"line":68,"column":null}},"line":10},"1":{"name":"(anonymous_1)","decl":{"start":{"line":11,"column":18},"end":{"line":11,"column":32}},"loc":{"start":{"line":11,"column":38},"end":{"line":11,"column":47}},"line":11},"2":{"name":"(anonymous_2)","decl":{"start":{"line":12,"column":18},"end":{"line":12,"column":32}},"loc":{"start":{"line":12,"column":38},"end":{"line":12,"column":47}},"line":12},"3":{"name":"(anonymous_3)","decl":{"start":{"line":13,"column":21},"end":{"line":13,"column":35}},"loc":{"start":{"line":13,"column":41},"end":{"line":13,"column":53}},"line":13},"4":{"name":"(anonymous_4)","decl":{"start":{"line":14,"column":16},"end":{"line":14,"column":30}},"loc":{"start":{"line":14,"column":36},"end":{"line":14,"column":43}},"line":14},"5":{"name":"(anonymous_5)","decl":{"start":{"line":16,"column":2},"end":{"line":16,"column":18}},"loc":{"start":{"line":16,"column":18},"end":{"line":49,"column":5}},"line":16},"6":{"name":"(anonymous_6)","decl":{"start":{"line":17,"column":49},"end":{"line":17,"column":56}},"loc":{"start":{"line":17,"column":73},"end":{"line":45,"column":5}},"line":17},"7":{"name":"(anonymous_7)","decl":{"start":{"line":47,"column":4},"end":{"line":47,"column":17}},"loc":{"start":{"line":47,"column":17},"end":{"line":47,"column":null}},"line":47},"8":{"name":"signOut","decl":{"start":{"line":52,"column":17},"end":{"line":52,"column":27}},"loc":{"start":{"line":52,"column":27},"end":{"line":54,"column":null}},"line":52},"9":{"name":"(anonymous_9)","decl":{"start":{"line":59,"column":15},"end":{"line":59,"column":29}},"loc":{"start":{"line":59,"column":35},"end":{"line":59,"column":41}},"line":59},"10":{"name":"(anonymous_10)","decl":{"start":{"line":60,"column":15},"end":{"line":60,"column":29}},"loc":{"start":{"line":60,"column":35},"end":{"line":60,"column":41}},"line":60},"11":{"name":"(anonymous_11)","decl":{"start":{"line":61,"column":18},"end":{"line":61,"column":32}},"loc":{"start":{"line":61,"column":38},"end":{"line":61,"column":47}},"line":61},"12":{"name":"useAuth","decl":{"start":{"line":71,"column":16},"end":{"line":71,"column":26}},"loc":{"start":{"line":71,"column":26},"end":{"line":77,"column":null}},"line":71}},"branchMap":{"0":{"loc":{"start":{"line":18,"column":6},"end":{"line":43,"column":null}},"type":"if","locations":[{"start":{"line":18,"column":6},"end":{"line":43,"column":null}},{"start":{"line":41,"column":13},"end":{"line":43,"column":null}}],"line":18},"1":{"loc":{"start":{"line":26,"column":10},"end":{"line":31,"column":null}},"type":"if","locations":[{"start":{"line":26,"column":10},"end":{"line":31,"column":null}},{"start":{},"end":{}}],"line":26},"2":{"loc":{"start":{"line":26,"column":14},"end":{"line":26,"column":62}},"type":"binary-expr","locations":[{"start":{"line":26,"column":14},"end":{"line":26,"column":31}},{"start":{"line":26,"column":31},"end":{"line":26,"column":62}}],"line":26},"3":{"loc":{"start":{"line":32,"column":23},"end":{"line":32,"column":null}},"type":"cond-expr","locations":[{"start":{"line":32,"column":40},"end":{"line":32,"column":72}},{"start":{"line":32,"column":72},"end":{"line":32,"column":null}}],"line":32},"4":{"loc":{"start":{"line":32,"column":40},"end":{"line":32,"column":72}},"type":"binary-expr","locations":[{"start":{"line":32,"column":40},"end":{"line":32,"column":60}},{"start":{"line":32,"column":60},"end":{"line":32,"column":72}}],"line":32},"5":{"loc":{"start":{"line":37,"column":87},"end":{"line":37,"column":110}},"type":"binary-expr","locations":[{"start":{"line":37,"column":87},"end":{"line":37,"column":99}},{"start":{"line":37,"column":99},"end":{"line":37,"column":110}}],"line":37},"6":{"loc":{"start":{"line":73,"column":2},"end":{"line":75,"column":null}},"type":"if","locations":[{"start":{"line":73,"column":2},"end":{"line":75,"column":null}},{"start":{},"end":{}}],"line":73}},"s":{"0":1,"1":11,"2":47,"3":11,"4":47,"5":11,"6":47,"7":11,"8":47,"9":11,"10":6,"11":5,"12":4,"13":4,"14":3,"15":0,"16":0,"17":0,"18":0,"19":3,"20":4,"21":4,"22":1,"23":1,"24":1,"25":1,"26":5,"27":6,"28":6,"29":0,"30":11,"31":45,"32":11,"33":45,"34":11,"35":45,"36":11,"37":14,"38":14,"39":2,"40":11},"f":{"0":11,"1":47,"2":47,"3":47,"4":47,"5":6,"6":5,"7":6,"8":0,"9":45,"10":45,"11":45,"12":14},"b":{"0":[4,1],"1":[0,3],"2":[3,2],"3":[2,1],"4":[2,1],"5":[1,1],"6":[2,12]},"meta":{"lastBranch":7,"lastFunction":13,"lastStatement":41,"seen":{"s:8:6:8:Infinity":0,"f:10:16:10:29":0,"s:11:8:11:Infinity":1,"f:11:18:11:32":1,"s:11:38:11:47":2,"s:12:8:12:Infinity":3,"f:12:18:12:32":2,"s:12:38:12:47":4,"s:13:8:13:Infinity":5,"f:13:21:13:35":3,"s:13:41:13:53":6,"s:14:8:14:Infinity":7,"f:14:16:14:30":4,"s:14:36:14:43":8,"s:16:2:49:Infinity":9,"f:16:2:16:18":5,"s:17:10:45:Infinity":10,"f:17:49:17:56":6,"b:18:6:43:Infinity:41:13:43:Infinity":0,"s:18:6:43:Infinity":11,"s:21:8:40:Infinity":12,"s:22:23:22:Infinity":13,"b:26:10:31:Infinity:undefined:undefined:undefined:undefined":1,"s:26:10:31:Infinity":14,"b:26:14:26:31:26:31:26:62":2,"s:27:12:27:Infinity":15,"s:28:12:28:Infinity":16,"s:29:12:29:Infinity":17,"s:30:12:30:Infinity":18,"s:32:23:32:Infinity":19,"b:32:40:32:72:32:72:32:Infinity":3,"b:32:40:32:60:32:60:32:72":4,"s:33:10:33:Infinity":20,"s:34:10:34:Infinity":21,"s:37:10:37:Infinity":22,"b:37:87:37:99:37:99:37:110":5,"s:38:10:38:Infinity":23,"s:39:10:39:Infinity":24,"s:42:8:42:Infinity":25,"s:44:6:44:Infinity":26,"s:47:4:47:Infinity":27,"f:47:4:47:17":7,"s:47:17:47:Infinity":28,"f:52:17:52:27":8,"s:53:4:53:Infinity":29,"s:59:8:59:Infinity":30,"f:59:15:59:29":9,"s:59:35:59:41":31,"s:60:8:60:Infinity":32,"f:60:15:60:29":10,"s:60:35:60:41":33,"s:61:8:61:Infinity":34,"f:61:18:61:32":11,"s:61:38:61:47":35,"s:63:2:66:Infinity":36,"f:71:16:71:26":12,"s:72:8:72:Infinity":37,"b:73:2:75:Infinity:undefined:undefined:undefined:undefined":6,"s:73:2:75:Infinity":38,"s:74:4:74:Infinity":39,"s:76:2:76:Infinity":40}}}
,"D:\\projects\\autoservice-crm\\src\\pages\\LoginPage.jsx": {"path":"D:\\projects\\autoservice-crm\\src\\pages\\LoginPage.jsx","statementMap":{"0":{"start":{"line":13,"column":19},"end":{"line":20,"column":null}},"1":{"start":{"line":21,"column":2},"end":{"line":21,"column":null}},"2":{"start":{"line":25,"column":8},"end":{"line":25,"column":null}},"3":{"start":{"line":26,"column":22},"end":{"line":26,"column":null}},"4":{"start":{"line":31,"column":25},"end":{"line":34,"column":null}},"5":{"start":{"line":37,"column":4},"end":{"line":37,"column":null}},"6":{"start":{"line":38,"column":4},"end":{"line":43,"column":null}},"7":{"start":{"line":39,"column":6},"end":{"line":39,"column":null}},"8":{"start":{"line":40,"column":6},"end":{"line":40,"column":null}},"9":{"start":{"line":42,"column":6},"end":{"line":42,"column":null}},"10":{"start":{"line":46,"column":2},"end":{"line":152,"column":null}}},"fnMap":{"0":{"name":"mapFirebaseError","decl":{"start":{"line":12,"column":9},"end":{"line":12,"column":26}},"loc":{"start":{"line":12,"column":32},"end":{"line":22,"column":null}},"line":12},"1":{"name":"LoginPage","decl":{"start":{"line":24,"column":9},"end":{"line":24,"column":21}},"loc":{"start":{"line":24,"column":21},"end":{"line":154,"column":null}},"line":24},"2":{"name":"onSubmit","decl":{"start":{"line":36,"column":17},"end":{"line":36,"column":26}},"loc":{"start":{"line":36,"column":47},"end":{"line":44,"column":null}},"line":36}},"branchMap":{"0":{"loc":{"start":{"line":21,"column":9},"end":{"line":21,"column":null}},"type":"binary-expr","locations":[{"start":{"line":21,"column":9},"end":{"line":21,"column":27}},{"start":{"line":21,"column":27},"end":{"line":21,"column":null}}],"line":21},"1":{"loc":{"start":{"line":68,"column":30},"end":{"line":68,"column":null}},"type":"cond-expr","locations":[{"start":{"line":68,"column":45},"end":{"line":68,"column":61}},{"start":{"line":68,"column":61},"end":{"line":68,"column":null}}],"line":68},"2":{"loc":{"start":{"line":77,"column":11},"end":{"line":84,"column":null}},"type":"binary-expr","locations":[{"start":{"line":77,"column":11},"end":{"line":77,"column":null}},{"start":{"line":78,"column":12},"end":{"line":84,"column":null}}],"line":77},"3":{"loc":{"start":{"line":100,"column":30},"end":{"line":100,"column":null}},"type":"cond-expr","locations":[{"start":{"line":100,"column":48},"end":{"line":100,"column":67}},{"start":{"line":100,"column":67},"end":{"line":100,"column":null}}],"line":100},"4":{"loc":{"start":{"line":109,"column":11},"end":{"line":116,"column":null}},"type":"binary-expr","locations":[{"start":{"line":109,"column":11},"end":{"line":109,"column":null}},{"start":{"line":110,"column":12},"end":{"line":116,"column":null}}],"line":109},"5":{"loc":{"start":{"line":121,"column":9},"end":{"line":127,"column":null}},"type":"binary-expr","locations":[{"start":{"line":121,"column":9},"end":{"line":121,"column":null}},{"start":{"line":122,"column":10},"end":{"line":127,"column":null}}],"line":121},"6":{"loc":{"start":{"line":137,"column":11},"end":{"line":148,"column":null}},"type":"cond-expr","locations":[{"start":{"line":138,"column":12},"end":{"line":148,"column":null}},{"start":{"line":148,"column":12},"end":{"line":148,"column":null}}],"line":137}},"s":{"0":2,"1":2,"2":33,"3":33,"4":33,"5":4,"6":4,"7":4,"8":1,"9":2,"10":33},"f":{"0":2,"1":33,"2":4},"b":{"0":[2,0],"1":[2,31],"2":[33,2],"3":[2,31],"4":[33,2],"5":[33,2],"6":[8,25]},"meta":{"lastBranch":7,"lastFunction":3,"lastStatement":11,"seen":{"f:12:9:12:26":0,"s:13:19:20:Infinity":0,"s:21:2:21:Infinity":1,"b:21:9:21:27:21:27:21:Infinity":0,"f:24:9:24:21":1,"s:25:8:25:Infinity":2,"s:26:22:26:Infinity":3,"s:31:25:34:Infinity":4,"f:36:17:36:26":2,"s:37:4:37:Infinity":5,"s:38:4:43:Infinity":6,"s:39:6:39:Infinity":7,"s:40:6:40:Infinity":8,"s:42:6:42:Infinity":9,"s:46:2:152:Infinity":10,"b:68:45:68:61:68:61:68:Infinity":1,"b:77:11:77:Infinity:78:12:84:Infinity":2,"b:100:48:100:67:100:67:100:Infinity":3,"b:109:11:109:Infinity:110:12:116:Infinity":4,"b:121:9:121:Infinity:122:10:127:Infinity":5,"b:138:12:148:Infinity:148:12:148:Infinity":6}}}
,"D:\\projects\\autoservice-crm\\src\\services\\analyticsService.js": {"path":"D:\\projects\\autoservice-crm\\src\\services\\analyticsService.js","statementMap":{"0":{"start":{"line":19,"column":2},"end":{"line":19,"column":null}},"1":{"start":{"line":33,"column":2},"end":{"line":33,"column":null}},"2":{"start":{"line":33,"column":24},"end":{"line":33,"column":null}},"3":{"start":{"line":35,"column":14},"end":{"line":35,"column":null}},"4":{"start":{"line":38,"column":2},"end":{"line":50,"column":null}},"5":{"start":{"line":39,"column":4},"end":{"line":39,"column":null}},"6":{"start":{"line":40,"column":9},"end":{"line":50,"column":null}},"7":{"start":{"line":41,"column":14},"end":{"line":41,"column":null}},"8":{"start":{"line":42,"column":4},"end":{"line":42,"column":null}},"9":{"start":{"line":43,"column":4},"end":{"line":43,"column":null}},"10":{"start":{"line":44,"column":9},"end":{"line":50,"column":null}},"11":{"start":{"line":45,"column":14},"end":{"line":45,"column":null}},"12":{"start":{"line":46,"column":4},"end":{"line":46,"column":null}},"13":{"start":{"line":47,"column":4},"end":{"line":47,"column":null}},"14":{"start":{"line":49,"column":4},"end":{"line":49,"column":null}},"15":{"start":{"line":52,"column":16},"end":{"line":52,"column":null}},"16":{"start":{"line":53,"column":2},"end":{"line":56,"column":null}},"17":{"start":{"line":54,"column":14},"end":{"line":54,"column":null}},"18":{"start":{"line":55,"column":4},"end":{"line":55,"column":null}},"19":{"start":{"line":68,"column":2},"end":{"line":70,"column":null}},"20":{"start":{"line":69,"column":19},"end":{"line":69,"column":43}},"21":{"start":{"line":70,"column":24},"end":{"line":70,"column":60}},"22":{"start":{"line":80,"column":2},"end":{"line":80,"column":null}},"23":{"start":{"line":90,"column":20},"end":{"line":90,"column":null}},"24":{"start":{"line":90,"column":41},"end":{"line":90,"column":65}},"25":{"start":{"line":91,"column":2},"end":{"line":91,"column":null}},"26":{"start":{"line":91,"column":30},"end":{"line":91,"column":null}},"27":{"start":{"line":92,"column":16},"end":{"line":92,"column":null}},"28":{"start":{"line":92,"column":45},"end":{"line":92,"column":81}},"29":{"start":{"line":93,"column":2},"end":{"line":93,"column":null}},"30":{"start":{"line":115,"column":14},"end":{"line":115,"column":null}},"31":{"start":{"line":117,"column":2},"end":{"line":130,"column":null}},"32":{"start":{"line":118,"column":4},"end":{"line":118,"column":null}},"33":{"start":{"line":118,"column":40},"end":{"line":118,"column":null}},"34":{"start":{"line":119,"column":4},"end":{"line":129,"column":null}},"35":{"start":{"line":120,"column":19},"end":{"line":120,"column":null}},"36":{"start":{"line":121,"column":20},"end":{"line":121,"column":null}},"37":{"start":{"line":122,"column":23},"end":{"line":122,"column":null}},"38":{"start":{"line":123,"column":6},"end":{"line":128,"column":null}},"39":{"start":{"line":124,"column":8},"end":{"line":124,"column":null}},"40":{"start":{"line":125,"column":8},"end":{"line":125,"column":null}},"41":{"start":{"line":127,"column":8},"end":{"line":127,"column":null}},"42":{"start":{"line":132,"column":2},"end":{"line":134,"column":null}},"43":{"start":{"line":133,"column":20},"end":{"line":133,"column":41}},"44":{"start":{"line":155,"column":14},"end":{"line":155,"column":null}},"45":{"start":{"line":157,"column":2},"end":{"line":168,"column":null}},"46":{"start":{"line":158,"column":16},"end":{"line":158,"column":null}},"47":{"start":{"line":159,"column":21},"end":{"line":159,"column":null}},"48":{"start":{"line":160,"column":20},"end":{"line":160,"column":null}},"49":{"start":{"line":162,"column":4},"end":{"line":167,"column":null}},"50":{"start":{"line":163,"column":6},"end":{"line":163,"column":null}},"51":{"start":{"line":164,"column":6},"end":{"line":164,"column":null}},"52":{"start":{"line":166,"column":6},"end":{"line":166,"column":null}},"53":{"start":{"line":170,"column":2},"end":{"line":170,"column":null}},"54":{"start":{"line":170,"column":49},"end":{"line":170,"column":70}}},"fnMap":{"0":{"name":"toISODate","decl":{"start":{"line":18,"column":9},"end":{"line":18,"column":19}},"loc":{"start":{"line":18,"column":25},"end":{"line":20,"column":null}},"line":18},"1":{"name":"filterByPeriod","decl":{"start":{"line":32,"column":16},"end":{"line":32,"column":31}},"loc":{"start":{"line":32,"column":47},"end":{"line":57,"column":null}},"line":32},"2":{"name":"(anonymous_2)","decl":{"start":{"line":53,"column":16},"end":{"line":53,"column":24}},"loc":{"start":{"line":53,"column":30},"end":{"line":56,"column":3}},"line":53},"3":{"name":"computeRevenue","decl":{"start":{"line":67,"column":16},"end":{"line":67,"column":31}},"loc":{"start":{"line":67,"column":39},"end":{"line":71,"column":null}},"line":67},"4":{"name":"(anonymous_4)","decl":{"start":{"line":69,"column":5},"end":{"line":69,"column":13}},"loc":{"start":{"line":69,"column":19},"end":{"line":69,"column":43}},"line":69},"5":{"name":"(anonymous_5)","decl":{"start":{"line":70,"column":5},"end":{"line":70,"column":13}},"loc":{"start":{"line":70,"column":24},"end":{"line":70,"column":60}},"line":70},"6":{"name":"computeOrderCount","decl":{"start":{"line":79,"column":16},"end":{"line":79,"column":34}},"loc":{"start":{"line":79,"column":42},"end":{"line":81,"column":null}},"line":79},"7":{"name":"computeAvgTicket","decl":{"start":{"line":89,"column":16},"end":{"line":89,"column":33}},"loc":{"start":{"line":89,"column":41},"end":{"line":94,"column":null}},"line":89},"8":{"name":"(anonymous_8)","decl":{"start":{"line":90,"column":27},"end":{"line":90,"column":35}},"loc":{"start":{"line":90,"column":41},"end":{"line":90,"column":65}},"line":90},"9":{"name":"(anonymous_9)","decl":{"start":{"line":92,"column":26},"end":{"line":92,"column":34}},"loc":{"start":{"line":92,"column":45},"end":{"line":92,"column":81}},"line":92},"10":{"name":"computeTopServices","decl":{"start":{"line":113,"column":16},"end":{"line":113,"column":35}},"loc":{"start":{"line":113,"column":54},"end":{"line":135,"column":null}},"line":113},"11":{"name":"(anonymous_11)","decl":{"start":{"line":133,"column":5},"end":{"line":133,"column":11}},"loc":{"start":{"line":133,"column":20},"end":{"line":133,"column":41}},"line":133},"12":{"name":"computeStaffStats","decl":{"start":{"line":153,"column":16},"end":{"line":153,"column":34}},"loc":{"start":{"line":153,"column":42},"end":{"line":171,"column":null}},"line":153},"13":{"name":"(anonymous_13)","decl":{"start":{"line":170,"column":34},"end":{"line":170,"column":40}},"loc":{"start":{"line":170,"column":49},"end":{"line":170,"column":70}},"line":170}},"branchMap":{"0":{"loc":{"start":{"line":33,"column":2},"end":{"line":33,"column":null}},"type":"if","locations":[{"start":{"line":33,"column":2},"end":{"line":33,"column":null}},{"start":{},"end":{}}],"line":33},"1":{"loc":{"start":{"line":38,"column":2},"end":{"line":50,"column":null}},"type":"if","locations":[{"start":{"line":38,"column":2},"end":{"line":50,"column":null}},{"start":{"line":40,"column":9},"end":{"line":50,"column":null}}],"line":38},"2":{"loc":{"start":{"line":40,"column":9},"end":{"line":50,"column":null}},"type":"if","locations":[{"start":{"line":40,"column":9},"end":{"line":50,"column":null}},{"start":{"line":44,"column":9},"end":{"line":50,"column":null}}],"line":40},"3":{"loc":{"start":{"line":44,"column":9},"end":{"line":50,"column":null}},"type":"if","locations":[{"start":{"line":44,"column":9},"end":{"line":50,"column":null}},{"start":{"line":48,"column":9},"end":{"line":50,"column":null}}],"line":44},"4":{"loc":{"start":{"line":54,"column":14},"end":{"line":54,"column":null}},"type":"binary-expr","locations":[{"start":{"line":54,"column":14},"end":{"line":54,"column":24}},{"start":{"line":54,"column":24},"end":{"line":54,"column":null}}],"line":54},"5":{"loc":{"start":{"line":55,"column":11},"end":{"line":55,"column":null}},"type":"binary-expr","locations":[{"start":{"line":55,"column":11},"end":{"line":55,"column":24}},{"start":{"line":55,"column":24},"end":{"line":55,"column":null}}],"line":55},"6":{"loc":{"start":{"line":70,"column":31},"end":{"line":70,"column":60}},"type":"binary-expr","locations":[{"start":{"line":70,"column":31},"end":{"line":70,"column":56}},{"start":{"line":70,"column":56},"end":{"line":70,"column":60}}],"line":70},"7":{"loc":{"start":{"line":91,"column":2},"end":{"line":91,"column":null}},"type":"if","locations":[{"start":{"line":91,"column":2},"end":{"line":91,"column":null}},{"start":{},"end":{}}],"line":91},"8":{"loc":{"start":{"line":92,"column":52},"end":{"line":92,"column":81}},"type":"binary-expr","locations":[{"start":{"line":92,"column":52},"end":{"line":92,"column":77}},{"start":{"line":92,"column":77},"end":{"line":92,"column":81}}],"line":92},"9":{"loc":{"start":{"line":113,"column":43},"end":{"line":113,"column":54}},"type":"default-arg","locations":[{"start":{"line":113,"column":51},"end":{"line":113,"column":54}}],"line":113},"10":{"loc":{"start":{"line":118,"column":4},"end":{"line":118,"column":null}},"type":"if","locations":[{"start":{"line":118,"column":4},"end":{"line":118,"column":null}},{"start":{},"end":{}}],"line":118},"11":{"loc":{"start":{"line":120,"column":19},"end":{"line":120,"column":null}},"type":"binary-expr","locations":[{"start":{"line":120,"column":19},"end":{"line":120,"column":31}},{"start":{"line":120,"column":31},"end":{"line":120,"column":null}}],"line":120},"12":{"loc":{"start":{"line":121,"column":20},"end":{"line":121,"column":null}},"type":"binary-expr","locations":[{"start":{"line":121,"column":20},"end":{"line":121,"column":41}},{"start":{"line":121,"column":41},"end":{"line":121,"column":null}}],"line":121},"13":{"loc":{"start":{"line":123,"column":6},"end":{"line":128,"column":null}},"type":"if","locations":[{"start":{"line":123,"column":6},"end":{"line":128,"column":null}},{"start":{"line":126,"column":13},"end":{"line":128,"column":null}}],"line":123},"14":{"loc":{"start":{"line":158,"column":16},"end":{"line":158,"column":null}},"type":"binary-expr","locations":[{"start":{"line":158,"column":16},"end":{"line":158,"column":35}},{"start":{"line":158,"column":35},"end":{"line":158,"column":null}}],"line":158},"15":{"loc":{"start":{"line":160,"column":20},"end":{"line":160,"column":null}},"type":"cond-expr","locations":[{"start":{"line":160,"column":52},"end":{"line":160,"column":86}},{"start":{"line":160,"column":86},"end":{"line":160,"column":null}}],"line":160},"16":{"loc":{"start":{"line":160,"column":52},"end":{"line":160,"column":86}},"type":"binary-expr","locations":[{"start":{"line":160,"column":52},"end":{"line":160,"column":81}},{"start":{"line":160,"column":81},"end":{"line":160,"column":86}}],"line":160},"17":{"loc":{"start":{"line":162,"column":4},"end":{"line":167,"column":null}},"type":"if","locations":[{"start":{"line":162,"column":4},"end":{"line":167,"column":null}},{"start":{"line":165,"column":11},"end":{"line":167,"column":null}}],"line":162}},"s":{"0":8,"1":6,"2":1,"3":5,"4":5,"5":2,"6":3,"7":1,"8":1,"9":1,"10":2,"11":1,"12":1,"13":1,"14":1,"15":4,"16":4,"17":13,"18":13,"19":5,"20":7,"21":4,"22":3,"23":4,"24":5,"25":4,"26":2,"27":2,"28":3,"29":2,"30":5,"31":5,"32":18,"33":1,"34":17,"35":18,"36":18,"37":18,"38":18,"39":2,"40":2,"41":16,"42":5,"43":17,"44":5,"45":5,"46":10,"47":10,"48":10,"49":10,"50":3,"51":3,"52":7,"53":5,"54":3},"f":{"0":8,"1":6,"2":13,"3":5,"4":7,"5":4,"6":3,"7":4,"8":5,"9":3,"10":5,"11":17,"12":5,"13":3},"b":{"0":[1,5],"1":[2,3],"2":[1,2],"3":[1,1],"4":[13,1],"5":[13,7],"6":[4,0],"7":[2,2],"8":[3,0],"9":[5],"10":[1,17],"11":[18,0],"12":[18,1],"13":[2,16],"14":[10,1],"15":[7,3],"16":[7,1],"17":[3,7]},"meta":{"lastBranch":18,"lastFunction":14,"lastStatement":55,"seen":{"f:18:9:18:19":0,"s:19:2:19:Infinity":0,"f:32:16:32:31":1,"b:33:2:33:Infinity:undefined:undefined:undefined:undefined":0,"s:33:2:33:Infinity":1,"s:33:24:33:Infinity":2,"s:35:14:35:Infinity":3,"b:38:2:50:Infinity:40:9:50:Infinity":1,"s:38:2:50:Infinity":4,"s:39:4:39:Infinity":5,"b:40:9:50:Infinity:44:9:50:Infinity":2,"s:40:9:50:Infinity":6,"s:41:14:41:Infinity":7,"s:42:4:42:Infinity":8,"s:43:4:43:Infinity":9,"b:44:9:50:Infinity:48:9:50:Infinity":3,"s:44:9:50:Infinity":10,"s:45:14:45:Infinity":11,"s:46:4:46:Infinity":12,"s:47:4:47:Infinity":13,"s:49:4:49:Infinity":14,"s:52:16:52:Infinity":15,"s:53:2:56:Infinity":16,"f:53:16:53:24":2,"s:54:14:54:Infinity":17,"b:54:14:54:24:54:24:54:Infinity":4,"s:55:4:55:Infinity":18,"b:55:11:55:24:55:24:55:Infinity":5,"f:67:16:67:31":3,"s:68:2:70:Infinity":19,"f:69:5:69:13":4,"s:69:19:69:43":20,"f:70:5:70:13":5,"s:70:24:70:60":21,"b:70:31:70:56:70:56:70:60":6,"f:79:16:79:34":6,"s:80:2:80:Infinity":22,"f:89:16:89:33":7,"s:90:20:90:Infinity":23,"f:90:27:90:35":8,"s:90:41:90:65":24,"b:91:2:91:Infinity:undefined:undefined:undefined:undefined":7,"s:91:2:91:Infinity":25,"s:91:30:91:Infinity":26,"s:92:16:92:Infinity":27,"f:92:26:92:34":9,"s:92:45:92:81":28,"b:92:52:92:77:92:77:92:81":8,"s:93:2:93:Infinity":29,"f:113:16:113:35":10,"b:113:51:113:54":9,"s:115:14:115:Infinity":30,"s:117:2:130:Infinity":31,"b:118:4:118:Infinity:undefined:undefined:undefined:undefined":10,"s:118:4:118:Infinity":32,"s:118:40:118:Infinity":33,"s:119:4:129:Infinity":34,"s:120:19:120:Infinity":35,"b:120:19:120:31:120:31:120:Infinity":11,"s:121:20:121:Infinity":36,"b:121:20:121:41:121:41:121:Infinity":12,"s:122:23:122:Infinity":37,"b:123:6:128:Infinity:126:13:128:Infinity":13,"s:123:6:128:Infinity":38,"s:124:8:124:Infinity":39,"s:125:8:125:Infinity":40,"s:127:8:127:Infinity":41,"s:132:2:134:Infinity":42,"f:133:5:133:11":11,"s:133:20:133:41":43,"f:153:16:153:34":12,"s:155:14:155:Infinity":44,"s:157:2:168:Infinity":45,"s:158:16:158:Infinity":46,"b:158:16:158:35:158:35:158:Infinity":14,"s:159:21:159:Infinity":47,"s:160:20:160:Infinity":48,"b:160:52:160:86:160:86:160:Infinity":15,"b:160:52:160:81:160:81:160:86":16,"b:162:4:167:Infinity:165:11:167:Infinity":17,"s:162:4:167:Infinity":49,"s:163:6:163:Infinity":50,"s:164:6:164:Infinity":51,"s:166:6:166:Infinity":52,"s:170:2:170:Infinity":53,"f:170:34:170:40":13,"s:170:49:170:70":54}}}
,"D:\\projects\\autoservice-crm\\src\\services\\clientsService.js": {"path":"D:\\projects\\autoservice-crm\\src\\services\\clientsService.js","statementMap":{"0":{"start":{"line":29,"column":15},"end":{"line":29,"column":null}},"1":{"start":{"line":30,"column":15},"end":{"line":30,"column":null}},"2":{"start":{"line":30,"column":37},"end":{"line":30,"column":63}},"3":{"start":{"line":31,"column":2},"end":{"line":35,"column":null}},"4":{"start":{"line":32,"column":15},"end":{"line":32,"column":null}},"5":{"start":{"line":33,"column":15},"end":{"line":33,"column":null}},"6":{"start":{"line":34,"column":4},"end":{"line":34,"column":null}},"7":{"start":{"line":46,"column":14},"end":{"line":52,"column":null}},"8":{"start":{"line":53,"column":2},"end":{"line":53,"column":null}},"9":{"start":{"line":65,"column":2},"end":{"line":69,"column":null}}},"fnMap":{"0":{"name":"getClients","decl":{"start":{"line":28,"column":22},"end":{"line":28,"column":35}},"loc":{"start":{"line":28,"column":35},"end":{"line":36,"column":null}},"line":28},"1":{"name":"(anonymous_1)","decl":{"start":{"line":30,"column":25},"end":{"line":30,"column":30}},"loc":{"start":{"line":30,"column":37},"end":{"line":30,"column":63}},"line":30},"2":{"name":"(anonymous_2)","decl":{"start":{"line":31,"column":14},"end":{"line":31,"column":20}},"loc":{"start":{"line":31,"column":29},"end":{"line":35,"column":3}},"line":31},"3":{"name":"createClient","decl":{"start":{"line":45,"column":22},"end":{"line":45,"column":35}},"loc":{"start":{"line":45,"column":41},"end":{"line":54,"column":null}},"line":45},"4":{"name":"updateClient","decl":{"start":{"line":64,"column":22},"end":{"line":64,"column":35}},"loc":{"start":{"line":64,"column":45},"end":{"line":70,"column":null}},"line":64}},"branchMap":{"0":{"loc":{"start":{"line":32,"column":15},"end":{"line":32,"column":null}},"type":"binary-expr","locations":[{"start":{"line":32,"column":15},"end":{"line":32,"column":44}},{"start":{"line":32,"column":44},"end":{"line":32,"column":null}}],"line":32},"1":{"loc":{"start":{"line":33,"column":15},"end":{"line":33,"column":null}},"type":"binary-expr","locations":[{"start":{"line":33,"column":15},"end":{"line":33,"column":44}},{"start":{"line":33,"column":44},"end":{"line":33,"column":null}}],"line":33},"2":{"loc":{"start":{"line":49,"column":11},"end":{"line":49,"column":null}},"type":"binary-expr","locations":[{"start":{"line":49,"column":11},"end":{"line":49,"column":25}},{"start":{"line":49,"column":25},"end":{"line":49,"column":null}}],"line":49},"3":{"loc":{"start":{"line":66,"column":8},"end":{"line":66,"column":null}},"type":"binary-expr","locations":[{"start":{"line":66,"column":8},"end":{"line":66,"column":39}},{"start":{"line":66,"column":39},"end":{"line":66,"column":null}}],"line":66},"4":{"loc":{"start":{"line":67,"column":8},"end":{"line":67,"column":null}},"type":"binary-expr","locations":[{"start":{"line":67,"column":8},"end":{"line":67,"column":36}},{"start":{"line":67,"column":36},"end":{"line":67,"column":null}}],"line":67},"5":{"loc":{"start":{"line":68,"column":8},"end":{"line":68,"column":null}},"type":"binary-expr","locations":[{"start":{"line":68,"column":8},"end":{"line":68,"column":36}},{"start":{"line":68,"column":36},"end":{"line":68,"column":null}}],"line":68}},"s":{"0":4,"1":4,"2":5,"3":4,"4":2,"5":2,"6":2,"7":3,"8":3,"9":4},"f":{"0":4,"1":5,"2":2,"3":3,"4":4},"b":{"0":[2,0],"1":[2,1],"2":[3,2],"3":[4,3],"4":[4,2],"5":[4,1]},"meta":{"lastBranch":6,"lastFunction":5,"lastStatement":10,"seen":{"f:28:22:28:35":0,"s:29:15:29:Infinity":0,"s:30:15:30:Infinity":1,"f:30:25:30:30":1,"s:30:37:30:63":2,"s:31:2:35:Infinity":3,"f:31:14:31:20":2,"s:32:15:32:Infinity":4,"b:32:15:32:44:32:44:32:Infinity":0,"s:33:15:33:Infinity":5,"b:33:15:33:44:33:44:33:Infinity":1,"s:34:4:34:Infinity":6,"f:45:22:45:35":3,"s:46:14:52:Infinity":7,"b:49:11:49:25:49:25:49:Infinity":2,"s:53:2:53:Infinity":8,"f:64:22:64:35":4,"s:65:2:69:Infinity":9,"b:66:8:66:39:66:39:66:Infinity":3,"b:67:8:67:36:67:36:67:Infinity":4,"b:68:8:68:36:68:36:68:Infinity":5}}}
,"D:\\projects\\autoservice-crm\\src\\services\\ordersService.js": {"path":"D:\\projects\\autoservice-crm\\src\\services\\ordersService.js","statementMap":{"0":{"start":{"line":45,"column":15},"end":{"line":45,"column":null}},"1":{"start":{"line":46,"column":15},"end":{"line":46,"column":null}},"2":{"start":{"line":46,"column":37},"end":{"line":46,"column":63}},"3":{"start":{"line":47,"column":2},"end":{"line":55,"column":null}},"4":{"start":{"line":49,"column":4},"end":{"line":49,"column":null}},"5":{"start":{"line":49,"column":25},"end":{"line":49,"column":null}},"6":{"start":{"line":50,"column":4},"end":{"line":50,"column":null}},"7":{"start":{"line":50,"column":25},"end":{"line":50,"column":null}},"8":{"start":{"line":52,"column":15},"end":{"line":52,"column":null}},"9":{"start":{"line":53,"column":15},"end":{"line":53,"column":null}},"10":{"start":{"line":54,"column":4},"end":{"line":54,"column":null}},"11":{"start":{"line":67,"column":14},"end":{"line":67,"column":null}},"12":{"start":{"line":68,"column":2},"end":{"line":68,"column":null}},"13":{"start":{"line":68,"column":27},"end":{"line":68,"column":46}},"14":{"start":{"line":78,"column":15},"end":{"line":78,"column":null}},"15":{"start":{"line":79,"column":2},"end":{"line":79,"column":null}},"16":{"start":{"line":79,"column":22},"end":{"line":79,"column":null}},"17":{"start":{"line":80,"column":2},"end":{"line":80,"column":null}},"18":{"start":{"line":102,"column":14},"end":{"line":114,"column":null}},"19":{"start":{"line":115,"column":2},"end":{"line":115,"column":null}},"20":{"start":{"line":130,"column":2},"end":{"line":130,"column":null}},"21":{"start":{"line":131,"column":2},"end":{"line":134,"column":null}}},"fnMap":{"0":{"name":"getOrders","decl":{"start":{"line":44,"column":22},"end":{"line":44,"column":34}},"loc":{"start":{"line":44,"column":34},"end":{"line":56,"column":null}},"line":44},"1":{"name":"(anonymous_1)","decl":{"start":{"line":46,"column":25},"end":{"line":46,"column":30}},"loc":{"start":{"line":46,"column":37},"end":{"line":46,"column":63}},"line":46},"2":{"name":"(anonymous_2)","decl":{"start":{"line":47,"column":14},"end":{"line":47,"column":20}},"loc":{"start":{"line":47,"column":29},"end":{"line":55,"column":3}},"line":47},"3":{"name":"getOrdersByMechanic","decl":{"start":{"line":66,"column":22},"end":{"line":66,"column":42}},"loc":{"start":{"line":66,"column":47},"end":{"line":69,"column":null}},"line":66},"4":{"name":"(anonymous_4)","decl":{"start":{"line":68,"column":13},"end":{"line":68,"column":21}},"loc":{"start":{"line":68,"column":27},"end":{"line":68,"column":46}},"line":68},"5":{"name":"getOrder","decl":{"start":{"line":77,"column":22},"end":{"line":77,"column":31}},"loc":{"start":{"line":77,"column":35},"end":{"line":81,"column":null}},"line":77},"6":{"name":"createOrder","decl":{"start":{"line":101,"column":22},"end":{"line":101,"column":34}},"loc":{"start":{"line":101,"column":40},"end":{"line":116,"column":null}},"line":101},"7":{"name":"updateOrderStatus","decl":{"start":{"line":129,"column":22},"end":{"line":129,"column":40}},"loc":{"start":{"line":129,"column":57},"end":{"line":135,"column":null}},"line":129}},"branchMap":{"0":{"loc":{"start":{"line":49,"column":4},"end":{"line":49,"column":null}},"type":"if","locations":[{"start":{"line":49,"column":4},"end":{"line":49,"column":null}},{"start":{},"end":{}}],"line":49},"1":{"loc":{"start":{"line":50,"column":4},"end":{"line":50,"column":null}},"type":"if","locations":[{"start":{"line":50,"column":4},"end":{"line":50,"column":null}},{"start":{},"end":{}}],"line":50},"2":{"loc":{"start":{"line":52,"column":15},"end":{"line":52,"column":null}},"type":"binary-expr","locations":[{"start":{"line":52,"column":15},"end":{"line":52,"column":44}},{"start":{"line":52,"column":44},"end":{"line":52,"column":null}}],"line":52},"3":{"loc":{"start":{"line":53,"column":15},"end":{"line":53,"column":null}},"type":"binary-expr","locations":[{"start":{"line":53,"column":15},"end":{"line":53,"column":44}},{"start":{"line":53,"column":44},"end":{"line":53,"column":null}}],"line":53},"4":{"loc":{"start":{"line":79,"column":2},"end":{"line":79,"column":null}},"type":"if","locations":[{"start":{"line":79,"column":2},"end":{"line":79,"column":null}},{"start":{},"end":{}}],"line":79},"5":{"loc":{"start":{"line":106,"column":21},"end":{"line":106,"column":null}},"type":"binary-expr","locations":[{"start":{"line":106,"column":21},"end":{"line":106,"column":45}},{"start":{"line":106,"column":45},"end":{"line":106,"column":null}}],"line":106},"6":{"loc":{"start":{"line":107,"column":14},"end":{"line":107,"column":null}},"type":"binary-expr","locations":[{"start":{"line":107,"column":14},"end":{"line":107,"column":31}},{"start":{"line":107,"column":31},"end":{"line":107,"column":null}}],"line":107},"7":{"loc":{"start":{"line":108,"column":24},"end":{"line":108,"column":45}},"type":"binary-expr","locations":[{"start":{"line":108,"column":24},"end":{"line":108,"column":44}},{"start":{"line":108,"column":44},"end":{"line":108,"column":45}}],"line":108},"8":{"loc":{"start":{"line":111,"column":12},"end":{"line":111,"column":null}},"type":"binary-expr","locations":[{"start":{"line":111,"column":12},"end":{"line":111,"column":27}},{"start":{"line":111,"column":27},"end":{"line":111,"column":null}}],"line":111},"9":{"loc":{"start":{"line":133,"column":17},"end":{"line":133,"column":null}},"type":"cond-expr","locations":[{"start":{"line":133,"column":28},"end":{"line":133,"column":62}},{"start":{"line":133,"column":62},"end":{"line":133,"column":null}}],"line":133}},"s":{"0":6,"1":6,"2":7,"3":6,"4":3,"5":1,"6":2,"7":2,"8":1,"9":3,"10":3,"11":2,"12":2,"13":2,"14":2,"15":2,"16":1,"17":1,"18":4,"19":4,"20":3,"21":3},"f":{"0":6,"1":7,"2":3,"3":2,"4":2,"5":2,"6":4,"7":3},"b":{"0":[1,2],"1":[1,1],"2":[1,0],"3":[3,0],"4":[1,1],"5":[4,0],"6":[4,0],"7":[4,0],"8":[4,3],"9":[1,2]},"meta":{"lastBranch":10,"lastFunction":8,"lastStatement":22,"seen":{"f:44:22:44:34":0,"s:45:15:45:Infinity":0,"s:46:15:46:Infinity":1,"f:46:25:46:30":1,"s:46:37:46:63":2,"s:47:2:55:Infinity":3,"f:47:14:47:20":2,"b:49:4:49:Infinity:undefined:undefined:undefined:undefined":0,"s:49:4:49:Infinity":4,"s:49:25:49:Infinity":5,"b:50:4:50:Infinity:undefined:undefined:undefined:undefined":1,"s:50:4:50:Infinity":6,"s:50:25:50:Infinity":7,"s:52:15:52:Infinity":8,"b:52:15:52:44:52:44:52:Infinity":2,"s:53:15:53:Infinity":9,"b:53:15:53:44:53:44:53:Infinity":3,"s:54:4:54:Infinity":10,"f:66:22:66:42":3,"s:67:14:67:Infinity":11,"s:68:2:68:Infinity":12,"f:68:13:68:21":4,"s:68:27:68:46":13,"f:77:22:77:31":5,"s:78:15:78:Infinity":14,"b:79:2:79:Infinity:undefined:undefined:undefined:undefined":4,"s:79:2:79:Infinity":15,"s:79:22:79:Infinity":16,"s:80:2:80:Infinity":17,"f:101:22:101:34":6,"s:102:14:114:Infinity":18,"b:106:21:106:45:106:45:106:Infinity":5,"b:107:14:107:31:107:31:107:Infinity":6,"b:108:24:108:44:108:44:108:45":7,"b:111:12:111:27:111:27:111:Infinity":8,"s:115:2:115:Infinity":19,"f:129:22:129:40":7,"s:130:2:130:Infinity":20,"s:131:2:134:Infinity":21,"b:133:28:133:62:133:62:133:Infinity":9}}}
,"D:\\projects\\autoservice-crm\\src\\services\\serviceCatalogService.js": {"path":"D:\\projects\\autoservice-crm\\src\\services\\serviceCatalogService.js","statementMap":{"0":{"start":{"line":38,"column":34},"end":{"line":47,"column":null}},"1":{"start":{"line":57,"column":15},"end":{"line":57,"column":null}},"2":{"start":{"line":58,"column":15},"end":{"line":58,"column":null}},"3":{"start":{"line":58,"column":37},"end":{"line":58,"column":63}},"4":{"start":{"line":59,"column":2},"end":{"line":59,"column":null}},"5":{"start":{"line":59,"column":29},"end":{"line":59,"column":63}},"6":{"start":{"line":69,"column":14},"end":{"line":75,"column":null}},"7":{"start":{"line":76,"column":2},"end":{"line":76,"column":null}},"8":{"start":{"line":87,"column":2},"end":{"line":90,"column":null}},"9":{"start":{"line":101,"column":29},"end":{"line":107,"column":null}},"10":{"start":{"line":108,"column":2},"end":{"line":110,"column":null}},"11":{"start":{"line":109,"column":4},"end":{"line":109,"column":null}},"12":{"start":{"line":111,"column":2},"end":{"line":111,"column":null}},"13":{"start":{"line":124,"column":61},"end":{"line":124,"column":null}},"14":{"start":{"line":127,"column":22},"end":{"line":127,"column":null}},"15":{"start":{"line":129,"column":2},"end":{"line":129,"column":null}},"16":{"start":{"line":129,"column":18},"end":{"line":129,"column":null}},"17":{"start":{"line":130,"column":2},"end":{"line":130,"column":null}},"18":{"start":{"line":130,"column":24},"end":{"line":130,"column":null}},"19":{"start":{"line":132,"column":8},"end":{"line":132,"column":null}},"20":{"start":{"line":133,"column":15},"end":{"line":133,"column":null}},"21":{"start":{"line":134,"column":15},"end":{"line":134,"column":null}},"22":{"start":{"line":134,"column":37},"end":{"line":134,"column":63}},"23":{"start":{"line":135,"column":2},"end":{"line":135,"column":null}},"24":{"start":{"line":135,"column":29},"end":{"line":135,"column":63}},"25":{"start":{"line":145,"column":14},"end":{"line":154,"column":null}},"26":{"start":{"line":155,"column":2},"end":{"line":155,"column":null}},"27":{"start":{"line":166,"column":2},"end":{"line":169,"column":null}},"28":{"start":{"line":180,"column":2},"end":{"line":183,"column":null}}},"fnMap":{"0":{"name":"getCategories","decl":{"start":{"line":56,"column":22},"end":{"line":56,"column":38}},"loc":{"start":{"line":56,"column":38},"end":{"line":60,"column":null}},"line":56},"1":{"name":"(anonymous_1)","decl":{"start":{"line":58,"column":25},"end":{"line":58,"column":30}},"loc":{"start":{"line":58,"column":37},"end":{"line":58,"column":63}},"line":58},"2":{"name":"(anonymous_2)","decl":{"start":{"line":59,"column":14},"end":{"line":59,"column":20}},"loc":{"start":{"line":59,"column":29},"end":{"line":59,"column":63}},"line":59},"3":{"name":"createCategory","decl":{"start":{"line":68,"column":22},"end":{"line":68,"column":37}},"loc":{"start":{"line":68,"column":43},"end":{"line":77,"column":null}},"line":68},"4":{"name":"updateCategory","decl":{"start":{"line":86,"column":22},"end":{"line":86,"column":37}},"loc":{"start":{"line":86,"column":47},"end":{"line":91,"column":null}},"line":86},"5":{"name":"deleteCategory","decl":{"start":{"line":100,"column":22},"end":{"line":100,"column":37}},"loc":{"start":{"line":100,"column":41},"end":{"line":112,"column":null}},"line":100},"6":{"name":"getServices","decl":{"start":{"line":123,"column":22},"end":{"line":123,"column":34}},"loc":{"start":{"line":123,"column":48},"end":{"line":136,"column":null}},"line":123},"7":{"name":"(anonymous_7)","decl":{"start":{"line":134,"column":25},"end":{"line":134,"column":30}},"loc":{"start":{"line":134,"column":37},"end":{"line":134,"column":63}},"line":134},"8":{"name":"(anonymous_8)","decl":{"start":{"line":135,"column":14},"end":{"line":135,"column":20}},"loc":{"start":{"line":135,"column":29},"end":{"line":135,"column":63}},"line":135},"9":{"name":"createService","decl":{"start":{"line":144,"column":22},"end":{"line":144,"column":36}},"loc":{"start":{"line":144,"column":42},"end":{"line":156,"column":null}},"line":144},"10":{"name":"updateService","decl":{"start":{"line":165,"column":22},"end":{"line":165,"column":36}},"loc":{"start":{"line":165,"column":46},"end":{"line":170,"column":null}},"line":165},"11":{"name":"archiveService","decl":{"start":{"line":179,"column":22},"end":{"line":179,"column":37}},"loc":{"start":{"line":179,"column":51},"end":{"line":184,"column":null}},"line":179}},"branchMap":{"0":{"loc":{"start":{"line":71,"column":17},"end":{"line":71,"column":null}},"type":"binary-expr","locations":[{"start":{"line":71,"column":17},"end":{"line":71,"column":37}},{"start":{"line":71,"column":37},"end":{"line":71,"column":null}}],"line":71},"1":{"loc":{"start":{"line":108,"column":2},"end":{"line":110,"column":null}},"type":"if","locations":[{"start":{"line":108,"column":2},"end":{"line":110,"column":null}},{"start":{},"end":{}}],"line":108},"2":{"loc":{"start":{"line":123,"column":34},"end":{"line":123,"column":48}},"type":"default-arg","locations":[{"start":{"line":123,"column":44},"end":{"line":123,"column":48}}],"line":123},"3":{"loc":{"start":{"line":124,"column":40},"end":{"line":124,"column":61}},"type":"default-arg","locations":[{"start":{"line":124,"column":51},"end":{"line":124,"column":61}}],"line":124},"4":{"loc":{"start":{"line":129,"column":2},"end":{"line":129,"column":null}},"type":"if","locations":[{"start":{"line":129,"column":2},"end":{"line":129,"column":null}},{"start":{},"end":{}}],"line":129},"5":{"loc":{"start":{"line":130,"column":2},"end":{"line":130,"column":null}},"type":"if","locations":[{"start":{"line":130,"column":2},"end":{"line":130,"column":null}},{"start":{},"end":{}}],"line":130},"6":{"loc":{"start":{"line":147,"column":17},"end":{"line":147,"column":null}},"type":"binary-expr","locations":[{"start":{"line":147,"column":17},"end":{"line":147,"column":37}},{"start":{"line":147,"column":37},"end":{"line":147,"column":null}}],"line":147}},"s":{"0":1,"1":3,"2":3,"3":3,"4":3,"5":1,"6":2,"7":2,"8":1,"9":2,"10":2,"11":1,"12":1,"13":6,"14":6,"15":6,"16":1,"17":6,"18":1,"19":6,"20":6,"21":6,"22":4,"23":6,"24":1,"25":1,"26":1,"27":1,"28":2},"f":{"0":3,"1":3,"2":1,"3":2,"4":1,"5":2,"6":6,"7":4,"8":1,"9":1,"10":1,"11":2},"b":{"0":[2,1],"1":[1,1],"2":[6],"3":[6],"4":[1,5],"5":[1,5],"6":[1,1]},"meta":{"lastBranch":7,"lastFunction":12,"lastStatement":29,"seen":{"s:38:34:47:Infinity":0,"f:56:22:56:38":0,"s:57:15:57:Infinity":1,"s:58:15:58:Infinity":2,"f:58:25:58:30":1,"s:58:37:58:63":3,"s:59:2:59:Infinity":4,"f:59:14:59:20":2,"s:59:29:59:63":5,"f:68:22:68:37":3,"s:69:14:75:Infinity":6,"b:71:17:71:37:71:37:71:Infinity":0,"s:76:2:76:Infinity":7,"f:86:22:86:37":4,"s:87:2:90:Infinity":8,"f:100:22:100:37":5,"s:101:29:107:Infinity":9,"b:108:2:110:Infinity:undefined:undefined:undefined:undefined":1,"s:108:2:110:Infinity":10,"s:109:4:109:Infinity":11,"s:111:2:111:Infinity":12,"f:123:22:123:34":6,"b:123:44:123:48":2,"s:124:61:124:Infinity":13,"b:124:51:124:61":3,"s:127:22:127:Infinity":14,"b:129:2:129:Infinity:undefined:undefined:undefined:undefined":4,"s:129:2:129:Infinity":15,"s:129:18:129:Infinity":16,"b:130:2:130:Infinity:undefined:undefined:undefined:undefined":5,"s:130:2:130:Infinity":17,"s:130:24:130:Infinity":18,"s:132:8:132:Infinity":19,"s:133:15:133:Infinity":20,"s:134:15:134:Infinity":21,"f:134:25:134:30":7,"s:134:37:134:63":22,"s:135:2:135:Infinity":23,"f:135:14:135:20":8,"s:135:29:135:63":24,"f:144:22:144:36":9,"s:145:14:154:Infinity":25,"b:147:17:147:37:147:37:147:Infinity":6,"s:155:2:155:Infinity":26,"f:165:22:165:36":10,"s:166:2:169:Infinity":27,"f:179:22:179:37":11,"s:180:2:183:Infinity":28}}}
,"D:\\projects\\autoservice-crm\\src\\services\\users.js": {"path":"D:\\projects\\autoservice-crm\\src\\services\\users.js","statementMap":{"0":{"start":{"line":23,"column":19},"end":{"line":23,"column":null}},"1":{"start":{"line":23,"column":75},"end":{"line":23,"column":87}},"2":{"start":{"line":24,"column":2},"end":{"line":29,"column":null}},"3":{"start":{"line":37,"column":15},"end":{"line":37,"column":null}},"4":{"start":{"line":38,"column":2},"end":{"line":38,"column":null}}},"fnMap":{"0":{"name":"createUserDoc","decl":{"start":{"line":21,"column":22},"end":{"line":21,"column":36}},"loc":{"start":{"line":21,"column":47},"end":{"line":30,"column":null}},"line":21},"1":{"name":"(anonymous_1)","decl":{"start":{"line":23,"column":59},"end":{"line":23,"column":67}},"loc":{"start":{"line":23,"column":75},"end":{"line":23,"column":87}},"line":23},"2":{"name":"getUserDoc","decl":{"start":{"line":36,"column":22},"end":{"line":36,"column":33}},"loc":{"start":{"line":36,"column":38},"end":{"line":39,"column":null}},"line":36}},"branchMap":{"0":{"loc":{"start":{"line":38,"column":9},"end":{"line":38,"column":null}},"type":"cond-expr","locations":[{"start":{"line":38,"column":25},"end":{"line":38,"column":39}},{"start":{"line":38,"column":39},"end":{"line":38,"column":null}}],"line":38}},"s":{"0":2,"1":5,"2":2,"3":2,"4":2},"f":{"0":2,"1":5,"2":2},"b":{"0":[1,1]},"meta":{"lastBranch":1,"lastFunction":3,"lastStatement":5,"seen":{"f:21:22:21:36":0,"s:23:19:23:Infinity":0,"f:23:59:23:67":1,"s:23:75:23:87":1,"s:24:2:29:Infinity":2,"f:36:22:36:33":2,"s:37:15:37:Infinity":3,"s:38:2:38:Infinity":4,"b:38:25:38:39:38:39:38:Infinity":0}}}
,"D:\\projects\\autoservice-crm\\src\\services\\vehiclesService.js": {"path":"D:\\projects\\autoservice-crm\\src\\services\\vehiclesService.js","statementMap":{"0":{"start":{"line":35,"column":15},"end":{"line":35,"column":null}},"1":{"start":{"line":36,"column":15},"end":{"line":36,"column":null}},"2":{"start":{"line":36,"column":37},"end":{"line":36,"column":63}},"3":{"start":{"line":37,"column":2},"end":{"line":41,"column":null}},"4":{"start":{"line":38,"column":15},"end":{"line":38,"column":null}},"5":{"start":{"line":39,"column":15},"end":{"line":39,"column":null}},"6":{"start":{"line":40,"column":4},"end":{"line":40,"column":null}},"7":{"start":{"line":52,"column":8},"end":{"line":52,"column":null}},"8":{"start":{"line":53,"column":15},"end":{"line":53,"column":null}},"9":{"start":{"line":54,"column":15},"end":{"line":54,"column":null}},"10":{"start":{"line":54,"column":37},"end":{"line":54,"column":63}},"11":{"start":{"line":55,"column":2},"end":{"line":59,"column":null}},"12":{"start":{"line":56,"column":15},"end":{"line":56,"column":null}},"13":{"start":{"line":57,"column":15},"end":{"line":57,"column":null}},"14":{"start":{"line":58,"column":4},"end":{"line":58,"column":null}},"15":{"start":{"line":76,"column":14},"end":{"line":84,"column":null}},"16":{"start":{"line":85,"column":2},"end":{"line":85,"column":null}},"17":{"start":{"line":104,"column":2},"end":{"line":111,"column":null}}},"fnMap":{"0":{"name":"getVehicles","decl":{"start":{"line":34,"column":22},"end":{"line":34,"column":36}},"loc":{"start":{"line":34,"column":36},"end":{"line":42,"column":null}},"line":34},"1":{"name":"(anonymous_1)","decl":{"start":{"line":36,"column":25},"end":{"line":36,"column":30}},"loc":{"start":{"line":36,"column":37},"end":{"line":36,"column":63}},"line":36},"2":{"name":"(anonymous_2)","decl":{"start":{"line":37,"column":14},"end":{"line":37,"column":20}},"loc":{"start":{"line":37,"column":29},"end":{"line":41,"column":3}},"line":37},"3":{"name":"getVehiclesByClient","decl":{"start":{"line":51,"column":22},"end":{"line":51,"column":42}},"loc":{"start":{"line":51,"column":52},"end":{"line":60,"column":null}},"line":51},"4":{"name":"(anonymous_4)","decl":{"start":{"line":54,"column":25},"end":{"line":54,"column":30}},"loc":{"start":{"line":54,"column":37},"end":{"line":54,"column":63}},"line":54},"5":{"name":"(anonymous_5)","decl":{"start":{"line":55,"column":14},"end":{"line":55,"column":20}},"loc":{"start":{"line":55,"column":29},"end":{"line":59,"column":3}},"line":55},"6":{"name":"createVehicle","decl":{"start":{"line":75,"column":22},"end":{"line":75,"column":36}},"loc":{"start":{"line":75,"column":42},"end":{"line":86,"column":null}},"line":75},"7":{"name":"updateVehicle","decl":{"start":{"line":103,"column":22},"end":{"line":103,"column":36}},"loc":{"start":{"line":103,"column":46},"end":{"line":112,"column":null}},"line":103}},"branchMap":{"0":{"loc":{"start":{"line":38,"column":15},"end":{"line":38,"column":null}},"type":"binary-expr","locations":[{"start":{"line":38,"column":15},"end":{"line":38,"column":44}},{"start":{"line":38,"column":44},"end":{"line":38,"column":null}}],"line":38},"1":{"loc":{"start":{"line":39,"column":15},"end":{"line":39,"column":null}},"type":"binary-expr","locations":[{"start":{"line":39,"column":15},"end":{"line":39,"column":44}},{"start":{"line":39,"column":44},"end":{"line":39,"column":null}}],"line":39},"2":{"loc":{"start":{"line":56,"column":15},"end":{"line":56,"column":null}},"type":"binary-expr","locations":[{"start":{"line":56,"column":15},"end":{"line":56,"column":44}},{"start":{"line":56,"column":44},"end":{"line":56,"column":null}}],"line":56},"3":{"loc":{"start":{"line":57,"column":15},"end":{"line":57,"column":null}},"type":"binary-expr","locations":[{"start":{"line":57,"column":15},"end":{"line":57,"column":44}},{"start":{"line":57,"column":44},"end":{"line":57,"column":null}}],"line":57},"4":{"loc":{"start":{"line":82,"column":9},"end":{"line":82,"column":null}},"type":"binary-expr","locations":[{"start":{"line":82,"column":9},"end":{"line":82,"column":21}},{"start":{"line":82,"column":21},"end":{"line":82,"column":null}}],"line":82},"5":{"loc":{"start":{"line":105,"column":8},"end":{"line":105,"column":null}},"type":"binary-expr","locations":[{"start":{"line":105,"column":8},"end":{"line":105,"column":39}},{"start":{"line":105,"column":39},"end":{"line":105,"column":null}}],"line":105},"6":{"loc":{"start":{"line":106,"column":8},"end":{"line":106,"column":null}},"type":"binary-expr","locations":[{"start":{"line":106,"column":8},"end":{"line":106,"column":35}},{"start":{"line":106,"column":35},"end":{"line":106,"column":null}}],"line":106},"7":{"loc":{"start":{"line":107,"column":8},"end":{"line":107,"column":null}},"type":"binary-expr","locations":[{"start":{"line":107,"column":8},"end":{"line":107,"column":36}},{"start":{"line":107,"column":36},"end":{"line":107,"column":null}}],"line":107},"8":{"loc":{"start":{"line":108,"column":8},"end":{"line":108,"column":null}},"type":"binary-expr","locations":[{"start":{"line":108,"column":8},"end":{"line":108,"column":35}},{"start":{"line":108,"column":35},"end":{"line":108,"column":null}}],"line":108},"9":{"loc":{"start":{"line":109,"column":8},"end":{"line":109,"column":null}},"type":"binary-expr","locations":[{"start":{"line":109,"column":8},"end":{"line":109,"column":43}},{"start":{"line":109,"column":43},"end":{"line":109,"column":null}}],"line":109},"10":{"loc":{"start":{"line":110,"column":8},"end":{"line":110,"column":null}},"type":"binary-expr","locations":[{"start":{"line":110,"column":8},"end":{"line":110,"column":34}},{"start":{"line":110,"column":34},"end":{"line":110,"column":null}}],"line":110}},"s":{"0":4,"1":4,"2":5,"3":4,"4":2,"5":2,"6":2,"7":2,"8":2,"9":2,"10":2,"11":2,"12":1,"13":1,"14":1,"15":4,"16":4,"17":4},"f":{"0":4,"1":5,"2":2,"3":2,"4":2,"5":1,"6":4,"7":4},"b":{"0":[2,0],"1":[2,1],"2":[1,0],"3":[1,0],"4":[4,3],"5":[4,0],"6":[4,2],"7":[4,1],"8":[4,2],"9":[4,1],"10":[4,0]},"meta":{"lastBranch":11,"lastFunction":8,"lastStatement":18,"seen":{"f:34:22:34:36":0,"s:35:15:35:Infinity":0,"s:36:15:36:Infinity":1,"f:36:25:36:30":1,"s:36:37:36:63":2,"s:37:2:41:Infinity":3,"f:37:14:37:20":2,"s:38:15:38:Infinity":4,"b:38:15:38:44:38:44:38:Infinity":0,"s:39:15:39:Infinity":5,"b:39:15:39:44:39:44:39:Infinity":1,"s:40:4:40:Infinity":6,"f:51:22:51:42":3,"s:52:8:52:Infinity":7,"s:53:15:53:Infinity":8,"s:54:15:54:Infinity":9,"f:54:25:54:30":4,"s:54:37:54:63":10,"s:55:2:59:Infinity":11,"f:55:14:55:20":5,"s:56:15:56:Infinity":12,"b:56:15:56:44:56:44:56:Infinity":2,"s:57:15:57:Infinity":13,"b:57:15:57:44:57:44:57:Infinity":3,"s:58:4:58:Infinity":14,"f:75:22:75:36":6,"s:76:14:84:Infinity":15,"b:82:9:82:21:82:21:82:Infinity":4,"s:85:2:85:Infinity":16,"f:103:22:103:36":7,"s:104:2:111:Infinity":17,"b:105:8:105:39:105:39:105:Infinity":5,"b:106:8:106:35:106:35:106:Infinity":6,"b:107:8:107:36:107:36:107:Infinity":7,"b:108:8:108:35:108:35:108:Infinity":8,"b:109:8:109:43:109:43:109:Infinity":9,"b:110:8:110:34:110:34:110:Infinity":10}}}
,"D:\\projects\\autoservice-crm\\src\\store\\authStore.js": {"path":"D:\\projects\\autoservice-crm\\src\\store\\authStore.js","statementMap":{"0":{"start":{"line":19,"column":13},"end":{"line":31,"column":null}},"1":{"start":{"line":19,"column":45},"end":{"line":31,"column":2}},"2":{"start":{"line":24,"column":21},"end":{"line":24,"column":null}},"3":{"start":{"line":26,"column":21},"end":{"line":26,"column":null}},"4":{"start":{"line":28,"column":27},"end":{"line":28,"column":null}},"5":{"start":{"line":30,"column":15},"end":{"line":30,"column":null}}},"fnMap":{"0":{"name":"(anonymous_0)","decl":{"start":{"line":19,"column":28},"end":{"line":19,"column":36}},"loc":{"start":{"line":19,"column":45},"end":{"line":31,"column":2}},"line":19},"1":{"name":"(anonymous_1)","decl":{"start":{"line":24,"column":2},"end":{"line":24,"column":12}},"loc":{"start":{"line":24,"column":21},"end":{"line":24,"column":null}},"line":24},"2":{"name":"(anonymous_2)","decl":{"start":{"line":26,"column":2},"end":{"line":26,"column":12}},"loc":{"start":{"line":26,"column":21},"end":{"line":26,"column":null}},"line":26},"3":{"name":"(anonymous_3)","decl":{"start":{"line":28,"column":2},"end":{"line":28,"column":15}},"loc":{"start":{"line":28,"column":27},"end":{"line":28,"column":null}},"line":28},"4":{"name":"(anonymous_4)","decl":{"start":{"line":30,"column":2},"end":{"line":30,"column":15}},"loc":{"start":{"line":30,"column":15},"end":{"line":30,"column":null}},"line":30}},"branchMap":{},"s":{"0":1,"1":1,"2":4,"3":4,"4":5,"5":1},"f":{"0":1,"1":4,"2":4,"3":5,"4":1},"b":{},"meta":{"lastBranch":0,"lastFunction":5,"lastStatement":6,"seen":{"s:19:13:31:Infinity":0,"f:19:28:19:36":0,"s:19:45:31:2":1,"f:24:2:24:12":1,"s:24:21:24:Infinity":2,"f:26:2:26:12":2,"s:26:21:26:Infinity":3,"f:28:2:28:15":3,"s:28:27:28:Infinity":4,"f:30:2:30:15":4,"s:30:15:30:Infinity":5}}}
}
